watcher {"level":20,"time":1725043340959,"pid":17,"hostname":"pepr-uds-core-watcher-56b6d67564-45ch8","msg":"Watch event connect received. /api/v1/pods."}
watcher {"level":20,"time":1725043340960,"pid":17,"hostname":"pepr-uds-core-watcher-56b6d67564-45ch8","msg":"Watch event connect received. /api/v1/services."}
watcher {"level":20,"time":1725043340960,"pid":17,"hostname":"pepr-uds-core-watcher-56b6d67564-45ch8","msg":"Watch event connect received. /apis/discovery.k8s.io/v1/endpointslices."}
watcher {"level":20,"time":1725043340961,"pid":17,"hostname":"pepr-uds-core-watcher-56b6d67564-45ch8","msg":"Watch event connect received. /apis/uds.dev/v1alpha1/packages."}
watcher {"level":20,"time":1725043340961,"pid":17,"hostname":"pepr-uds-core-watcher-56b6d67564-45ch8","msg":"Watch event connect received. /apis/uds.dev/v1alpha1/packages."}
watcher {"level":20,"time":1725043340963,"pid":17,"hostname":"pepr-uds-core-watcher-56b6d67564-45ch8","msg":"Resetting pending promise and dequeuing"}
watcher {"level":20,"time":1725043340963,"pid":17,"hostname":"pepr-uds-core-watcher-56b6d67564-45ch8","msg":"Reconciling kubernetes"}
watcher {"level":20,"time":1725043340963,"pid":17,"hostname":"pepr-uds-core-watcher-56b6d67564-45ch8","component":"operator.generators","msg":"Processing watch for api service, getting endpoint slices for updating API server CIDR"}
watcher {"level":20,"time":1725043340968,"pid":17,"hostname":"pepr-uds-core-watcher-56b6d67564-45ch8","msg":"Resetting pending promise and dequeuing"}
watcher {"level":20,"time":1725043340968,"pid":17,"hostname":"pepr-uds-core-watcher-56b6d67564-45ch8","msg":"No element, not dequeuing"}
watcher {"level":20,"time":1725043343189,"pid":17,"hostname":"pepr-uds-core-watcher-56b6d67564-45ch8","apiVersion":"pepr.dev/v1","data":{"__pepr_do_not_delete__":"k-thx-bye"},"kind":"PeprStore","metadata":{"creationTimestamp":"2024-08-30T18:42:20Z","generation":1,"managedFields":[{"apiVersion":"pepr.dev/v1","fieldsType":"FieldsV1","fieldsV1":{"f:data":{"f:__pepr_do_not_delete__":{}}},"manager":"pepr","operation":"Apply","time":"2024-08-30T18:42:20Z"}],"name":"pepr-uds-core-schedule","namespace":"pepr-system","resourceVersion":"1486","uid":"f1f24a26-532e-4873-b901-bf768f0c16ce"},"msg":"Pepr Store migration"}
watcher {"level":50,"time":1725043343190,"pid":17,"hostname":"pepr-uds-core-watcher-56b6d67564-45ch8","err":{"type":"Error","message":"No operations specified","stack":"Error: No operations specified\n    at Object.Patch (/app/node_modules/kubernetes-fluent-client/dist/fluent/index.js:195:19)\n    at flushCache (/app/node_modules/pepr/dist/lib.js:735:101)\n    at #migrateAndSetupWatch (/app/node_modules/pepr/dist/lib.js:777:11)\n    at /app/node_modules/pepr/dist/lib.js:716:159\n    at process.processTicksAndRejections (node:internal/process/task_queues:95:5)"},"msg":"Pepr store update failure"}
watcher {"level":20,"time":1725043343198,"pid":17,"hostname":"pepr-uds-core-watcher-56b6d67564-45ch8","apiVersion":"pepr.dev/v1","data":{"__pepr_do_not_delete__":"k-thx-bye"},"kind":"PeprStore","metadata":{"creationTimestamp":"2024-08-30T18:42:20Z","generation":1,"managedFields":[{"apiVersion":"pepr.dev/v1","fieldsType":"FieldsV1","fieldsV1":{"f:data":{"f:__pepr_do_not_delete__":{}}},"manager":"pepr","operation":"Apply","time":"2024-08-30T18:42:20Z"}],"name":"pepr-uds-core-schedule","namespace":"pepr-system","resourceVersion":"1486","uid":"f1f24a26-532e-4873-b901-bf768f0c16ce"},"msg":"Pepr Store update"}
watcher {"level":30,"time":1725043343198,"pid":17,"hostname":"pepr-uds-core-watcher-56b6d67564-45ch8","msg":"✅ Scheduling processed"}
watcher {"level":30,"time":1725043353257,"pid":17,"hostname":"pepr-uds-core-watcher-56b6d67564-45ch8","method":"GET","url":"/healthz","status":200,"duration":"2 ms"}
watcher {"level":30,"time":1725043353259,"pid":17,"hostname":"pepr-uds-core-watcher-56b6d67564-45ch8","method":"GET","url":"/healthz","status":200,"duration":"1 ms"}
watcher {"level":20,"time":1725043357109,"pid":17,"hostname":"pepr-uds-core-watcher-56b6d67564-45ch8","apiVersion":"uds.dev/v1alpha1","kind":"Package","metadata":{"annotations":{"meta.helm.sh/release-name":"uds-metrics-server-config","meta.helm.sh/release-namespace":"metrics-server"},"creationTimestamp":"2024-08-30T18:42:37Z","generation":1,"labels":{"app.kubernetes.io/managed-by":"Helm"},"managedFields":[{"apiVersion":"uds.dev/v1alpha1","fieldsType":"FieldsV1","fieldsV1":{"f:metadata":{"f:annotations":{".":{},"f:meta.helm.sh/release-name":{},"f:meta.helm.sh/release-namespace":{}},"f:labels":{".":{},"f:app.kubernetes.io/managed-by":{}}},"f:spec":{".":{},"f:network":{".":{},"f:allow":{}}}},"manager":"uds","operation":"Update","time":"2024-08-30T18:42:37Z"}],"name":"metrics-server","namespace":"metrics-server","resourceVersion":"1541","uid":"02935348-664a-40f6-a88a-e6cb997e2c52"},"spec":{"network":{"allow":[{"direction":"Egress","port":10250,"remoteGenerated":"Anywhere","selector":{"app.kubernetes.io/name":"metrics-server"}},{"direction":"Egress","remoteGenerated":"KubeAPI","selector":{"app.kubernetes.io/name":"metrics-server"}},{"direction":"Ingress","port":10250,"remoteGenerated":"Anywhere","selector":{"app.kubernetes.io/name":"metrics-server"}}]}},"msg":"Watch event ADDED received"}
watcher {"level":20,"time":1725043357110,"pid":17,"hostname":"pepr-uds-core-watcher-56b6d67564-45ch8","apiVersion":"uds.dev/v1alpha1","kind":"Package","metadata":{"annotations":{"meta.helm.sh/release-name":"uds-metrics-server-config","meta.helm.sh/release-namespace":"metrics-server"},"creationTimestamp":"2024-08-30T18:42:37Z","generation":1,"labels":{"app.kubernetes.io/managed-by":"Helm"},"managedFields":[{"apiVersion":"uds.dev/v1alpha1","fieldsType":"FieldsV1","fieldsV1":{"f:metadata":{"f:annotations":{".":{},"f:meta.helm.sh/release-name":{},"f:meta.helm.sh/release-namespace":{}},"f:labels":{".":{},"f:app.kubernetes.io/managed-by":{}}},"f:spec":{".":{},"f:network":{".":{},"f:allow":{}}}},"manager":"uds","operation":"Update","time":"2024-08-30T18:42:37Z"}],"name":"metrics-server","namespace":"metrics-server","resourceVersion":"1541","uid":"02935348-664a-40f6-a88a-e6cb997e2c52"},"spec":{"network":{"allow":[{"direction":"Egress","port":10250,"remoteGenerated":"Anywhere","selector":{"app.kubernetes.io/name":"metrics-server"}},{"direction":"Egress","remoteGenerated":"KubeAPI","selector":{"app.kubernetes.io/name":"metrics-server"}},{"direction":"Ingress","port":10250,"remoteGenerated":"Anywhere","selector":{"app.kubernetes.io/name":"metrics-server"}}]}},"msg":"Watch event ADDED received"}
watcher {"level":20,"time":1725043357110,"pid":17,"hostname":"pepr-uds-core-watcher-56b6d67564-45ch8","msg":"Enqueueing metrics-server/metrics-server"}
watcher {"level":20,"time":1725043357110,"pid":17,"hostname":"pepr-uds-core-watcher-56b6d67564-45ch8","msg":"Reconciling metrics-server"}
watcher {"level":20,"time":1725043357110,"pid":17,"hostname":"pepr-uds-core-watcher-56b6d67564-45ch8","msg":"Resetting pending promise and dequeuing"}
watcher {"level":20,"time":1725043357110,"pid":17,"hostname":"pepr-uds-core-watcher-56b6d67564-45ch8","msg":"No element, not dequeuing"}
watcher {"level":30,"time":1725043363256,"pid":17,"hostname":"pepr-uds-core-watcher-56b6d67564-45ch8","method":"GET","url":"/healthz","status":200,"duration":"0 ms"}
watcher {"level":30,"time":1725043363258,"pid":17,"hostname":"pepr-uds-core-watcher-56b6d67564-45ch8","method":"GET","url":"/healthz","status":200,"duration":"1 ms"}
watcher {"level":30,"time":1725043373262,"pid":17,"hostname":"pepr-uds-core-watcher-56b6d67564-45ch8","method":"GET","url":"/healthz","status":200,"duration":"2 ms"}
watcher {"level":30,"time":1725043373263,"pid":17,"hostname":"pepr-uds-core-watcher-56b6d67564-45ch8","method":"GET","url":"/healthz","status":200,"duration":"0 ms"}
watcher {"level":30,"time":1725043383257,"pid":17,"hostname":"pepr-uds-core-watcher-56b6d67564-45ch8","method":"GET","url":"/healthz","status":200,"duration":"0 ms"}
watcher {"level":30,"time":1725043383258,"pid":17,"hostname":"pepr-uds-core-watcher-56b6d67564-45ch8","method":"GET","url":"/healthz","status":200,"duration":"0 ms"}
watcher {"level":30,"time":1725043393256,"pid":17,"hostname":"pepr-uds-core-watcher-56b6d67564-45ch8","method":"GET","url":"/healthz","status":200,"duration":"0 ms"}
watcher {"level":30,"time":1725043393257,"pid":17,"hostname":"pepr-uds-core-watcher-56b6d67564-45ch8","method":"GET","url":"/healthz","status":200,"duration":"0 ms"}
watcher {"level":30,"time":1725043403258,"pid":17,"hostname":"pepr-uds-core-watcher-56b6d67564-45ch8","method":"GET","url":"/healthz","status":200,"duration":"1 ms"}
watcher {"level":30,"time":1725043403259,"pid":17,"hostname":"pepr-uds-core-watcher-56b6d67564-45ch8","method":"GET","url":"/healthz","status":200,"duration":"1 ms"}
watcher {"level":30,"time":1725043413263,"pid":17,"hostname":"pepr-uds-core-watcher-56b6d67564-45ch8","method":"GET","url":"/healthz","status":200,"duration":"1 ms"}
watcher {"level":30,"time":1725043413265,"pid":17,"hostname":"pepr-uds-core-watcher-56b6d67564-45ch8","method":"GET","url":"/healthz","status":200,"duration":"1 ms"}
watcher {"level":30,"time":1725043423258,"pid":17,"hostname":"pepr-uds-core-watcher-56b6d67564-45ch8","method":"GET","url":"/healthz","status":200,"duration":"0 ms"}
watcher {"level":30,"time":1725043423258,"pid":17,"hostname":"pepr-uds-core-watcher-56b6d67564-45ch8","method":"GET","url":"/healthz","status":200,"duration":"0 ms"}
watcher {"level":30,"time":1725043433259,"pid":17,"hostname":"pepr-uds-core-watcher-56b6d67564-45ch8","method":"GET","url":"/healthz","status":200,"duration":"1 ms"}
watcher {"level":30,"time":1725043433259,"pid":17,"hostname":"pepr-uds-core-watcher-56b6d67564-45ch8","method":"GET","url":"/healthz","status":200,"duration":"0 ms"}
watcher {"level":30,"time":1725043443259,"pid":17,"hostname":"pepr-uds-core-watcher-56b6d67564-45ch8","method":"GET","url":"/healthz","status":200,"duration":"0 ms"}
watcher {"level":30,"time":1725043443260,"pid":17,"hostname":"pepr-uds-core-watcher-56b6d67564-45ch8","method":"GET","url":"/healthz","status":200,"duration":"0 ms"}
watcher {"level":30,"time":1725043453258,"pid":17,"hostname":"pepr-uds-core-watcher-56b6d67564-45ch8","method":"GET","url":"/healthz","status":200,"duration":"0 ms"}
watcher {"level":30,"time":1725043453258,"pid":17,"hostname":"pepr-uds-core-watcher-56b6d67564-45ch8","method":"GET","url":"/healthz","status":200,"duration":"0 ms"}
watcher {"level":30,"time":1725043463260,"pid":17,"hostname":"pepr-uds-core-watcher-56b6d67564-45ch8","method":"GET","url":"/healthz","status":200,"duration":"1 ms"}
watcher {"level":30,"time":1725043463262,"pid":17,"hostname":"pepr-uds-core-watcher-56b6d67564-45ch8","method":"GET","url":"/healthz","status":200,"duration":"1 ms"}
watcher {"level":30,"time":1725043473259,"pid":17,"hostname":"pepr-uds-core-watcher-56b6d67564-45ch8","method":"GET","url":"/healthz","status":200,"duration":"0 ms"}
watcher {"level":30,"time":1725043473259,"pid":17,"hostname":"pepr-uds-core-watcher-56b6d67564-45ch8","method":"GET","url":"/healthz","status":200,"duration":"0 ms"}
watcher {"level":30,"time":1725043483262,"pid":17,"hostname":"pepr-uds-core-watcher-56b6d67564-45ch8","method":"GET","url":"/healthz","status":200,"duration":"1 ms"}
watcher {"level":30,"time":1725043483264,"pid":17,"hostname":"pepr-uds-core-watcher-56b6d67564-45ch8","method":"GET","url":"/healthz","status":200,"duration":"1 ms"}
watcher {"level":30,"time":1725043493258,"pid":17,"hostname":"pepr-uds-core-watcher-56b6d67564-45ch8","method":"GET","url":"/healthz","status":200,"duration":"1 ms"}
watcher {"level":30,"time":1725043493258,"pid":17,"hostname":"pepr-uds-core-watcher-56b6d67564-45ch8","method":"GET","url":"/healthz","status":200,"duration":"0 ms"}
watcher {"level":30,"time":1725043503257,"pid":17,"hostname":"pepr-uds-core-watcher-56b6d67564-45ch8","method":"GET","url":"/healthz","status":200,"duration":"0 ms"}
watcher {"level":30,"time":1725043503258,"pid":17,"hostname":"pepr-uds-core-watcher-56b6d67564-45ch8","method":"GET","url":"/healthz","status":200,"duration":"1 ms"}
watcher {"level":30,"time":1725043513257,"pid":17,"hostname":"pepr-uds-core-watcher-56b6d67564-45ch8","method":"GET","url":"/healthz","status":200,"duration":"1 ms"}
watcher {"level":30,"time":1725043513259,"pid":17,"hostname":"pepr-uds-core-watcher-56b6d67564-45ch8","method":"GET","url":"/healthz","status":200,"duration":"0 ms"}
watcher {"level":30,"time":1725043523258,"pid":17,"hostname":"pepr-uds-core-watcher-56b6d67564-45ch8","method":"GET","url":"/healthz","status":200,"duration":"0 ms"}
watcher {"level":30,"time":1725043523259,"pid":17,"hostname":"pepr-uds-core-watcher-56b6d67564-45ch8","method":"GET","url":"/healthz","status":200,"duration":"1 ms"}
watcher {"level":30,"time":1725043533256,"pid":17,"hostname":"pepr-uds-core-watcher-56b6d67564-45ch8","method":"GET","url":"/healthz","status":200,"duration":"0 ms"}
watcher {"level":30,"time":1725043533256,"pid":17,"hostname":"pepr-uds-core-watcher-56b6d67564-45ch8","method":"GET","url":"/healthz","status":200,"duration":"0 ms"}
watcher {"level":30,"time":1725043543258,"pid":17,"hostname":"pepr-uds-core-watcher-56b6d67564-45ch8","method":"GET","url":"/healthz","status":200,"duration":"0 ms"}
watcher {"level":30,"time":1725043543259,"pid":17,"hostname":"pepr-uds-core-watcher-56b6d67564-45ch8","method":"GET","url":"/healthz","status":200,"duration":"0 ms"}
watcher {"level":30,"time":1725043553264,"pid":17,"hostname":"pepr-uds-core-watcher-56b6d67564-45ch8","method":"GET","url":"/healthz","status":200,"duration":"0 ms"}
watcher {"level":30,"time":1725043553265,"pid":17,"hostname":"pepr-uds-core-watcher-56b6d67564-45ch8","method":"GET","url":"/healthz","status":200,"duration":"0 ms"}
watcher {"level":30,"time":1725043563258,"pid":17,"hostname":"pepr-uds-core-watcher-56b6d67564-45ch8","method":"GET","url":"/healthz","status":200,"duration":"0 ms"}
watcher {"level":30,"time":1725043563259,"pid":17,"hostname":"pepr-uds-core-watcher-56b6d67564-45ch8","method":"GET","url":"/healthz","status":200,"duration":"0 ms"}
watcher {"level":30,"time":1725043573258,"pid":17,"hostname":"pepr-uds-core-watcher-56b6d67564-45ch8","method":"GET","url":"/healthz","status":200,"duration":"1 ms"}
watcher {"level":30,"time":1725043573258,"pid":17,"hostname":"pepr-uds-core-watcher-56b6d67564-45ch8","method":"GET","url":"/healthz","status":200,"duration":"0 ms"}
watcher {"level":30,"time":1725043583257,"pid":17,"hostname":"pepr-uds-core-watcher-56b6d67564-45ch8","method":"GET","url":"/healthz","status":200,"duration":"0 ms"}
watcher {"level":30,"time":1725043583258,"pid":17,"hostname":"pepr-uds-core-watcher-56b6d67564-45ch8","method":"GET","url":"/healthz","status":200,"duration":"0 ms"}
watcher {"level":30,"time":1725043593261,"pid":17,"hostname":"pepr-uds-core-watcher-56b6d67564-45ch8","method":"GET","url":"/healthz","status":200,"duration":"0 ms"}
watcher {"level":30,"time":1725043593261,"pid":17,"hostname":"pepr-uds-core-watcher-56b6d67564-45ch8","method":"GET","url":"/healthz","status":200,"duration":"0 ms"}
watcher {"level":30,"time":1725043603258,"pid":17,"hostname":"pepr-uds-core-watcher-56b6d67564-45ch8","method":"GET","url":"/healthz","status":200,"duration":"0 ms"}
watcher {"level":30,"time":1725043603260,"pid":17,"hostname":"pepr-uds-core-watcher-56b6d67564-45ch8","method":"GET","url":"/healthz","status":200,"duration":"1 ms"}
watcher {"level":30,"time":1725043613261,"pid":17,"hostname":"pepr-uds-core-watcher-56b6d67564-45ch8","method":"GET","url":"/healthz","status":200,"duration":"1 ms"}
watcher {"level":30,"time":1725043613262,"pid":17,"hostname":"pepr-uds-core-watcher-56b6d67564-45ch8","method":"GET","url":"/healthz","status":200,"duration":"0 ms"}
watcher {"level":30,"time":1725043623256,"pid":17,"hostname":"pepr-uds-core-watcher-56b6d67564-45ch8","method":"GET","url":"/healthz","status":200,"duration":"1 ms"}
watcher {"level":30,"time":1725043623257,"pid":17,"hostname":"pepr-uds-core-watcher-56b6d67564-45ch8","method":"GET","url":"/healthz","status":200,"duration":"1 ms"}
watcher {"level":30,"time":1725043633257,"pid":17,"hostname":"pepr-uds-core-watcher-56b6d67564-45ch8","method":"GET","url":"/healthz","status":200,"duration":"1 ms"}
watcher {"level":30,"time":1725043633259,"pid":17,"hostname":"pepr-uds-core-watcher-56b6d67564-45ch8","method":"GET","url":"/healthz","status":200,"duration":"1 ms"}
watcher {"level":30,"time":1725043643259,"pid":17,"hostname":"pepr-uds-core-watcher-56b6d67564-45ch8","method":"GET","url":"/healthz","status":200,"duration":"1 ms"}
watcher {"level":30,"time":1725043643259,"pid":17,"hostname":"pepr-uds-core-watcher-56b6d67564-45ch8","method":"GET","url":"/healthz","status":200,"duration":"0 ms"}
watcher {"level":30,"time":1725043653260,"pid":17,"hostname":"pepr-uds-core-watcher-56b6d67564-45ch8","method":"GET","url":"/healthz","status":200,"duration":"1 ms"}
watcher {"level":30,"time":1725043653260,"pid":17,"hostname":"pepr-uds-core-watcher-56b6d67564-45ch8","method":"GET","url":"/healthz","status":200,"duration":"0 ms"}
watcher {"level":20,"time":1725043659051,"pid":17,"hostname":"pepr-uds-core-watcher-56b6d67564-45ch8","msg":"Watch event reconnect received. Reconnecting after 1 attempt."}
watcher {"level":20,"time":1725043659060,"pid":17,"hostname":"pepr-uds-core-watcher-56b6d67564-45ch8","msg":"Watch event list received. {\n  \"apiVersion\": \"uds.dev/v1alpha1\",\n  \"items\": [\n    {\n      \"apiVersion\": \"uds.dev/v1alpha1\",\n      \"kind\": \"Package\",\n      \"metadata\": {\n        \"annotations\": {\n          \"meta.helm.sh/release-name\": \"uds-metrics-server-config\",\n          \"meta.helm.sh/release-namespace\": \"metrics-server\"\n        },\n        \"creationTimestamp\": \"2024-08-30T18:42:37Z\",\n        \"generation\": 1,\n        \"labels\": {\n          \"app.kubernetes.io/managed-by\": \"Helm\"\n        },\n        \"managedFields\": [\n          {\n            \"apiVersion\": \"uds.dev/v1alpha1\",\n            \"fieldsType\": \"FieldsV1\",\n            \"fieldsV1\": {\n              \"f:metadata\": {\n                \"f:annotations\": {\n                  \".\": {},\n                  \"f:meta.helm.sh/release-name\": {},\n                  \"f:meta.helm.sh/release-namespace\": {}\n                },\n                \"f:labels\": {\n                  \".\": {},\n                  \"f:app.kubernetes.io/managed-by\": {}\n                }\n              },\n              \"f:spec\": {\n                \".\": {},\n                \"f:network\": {\n                  \".\": {},\n                  \"f:allow\": {}\n                }\n              }\n            },\n            \"manager\": \"uds\",\n            \"operation\": \"Update\",\n            \"time\": \"2024-08-30T18:42:37Z\"\n          }\n        ],\n        \"name\": \"metrics-server\",\n        \"namespace\": \"metrics-server\",\n        \"resourceVersion\": \"1541\",\n        \"uid\": \"02935348-664a-40f6-a88a-e6cb997e2c52\"\n      },\n      \"spec\": {\n        \"network\": {\n          \"allow\": [\n            {\n              \"direction\": \"Egress\",\n              \"port\": 10250,\n              \"remoteGenerated\": \"Anywhere\",\n              \"selector\": {\n                \"app.kubernetes.io/name\": \"metrics-server\"\n              }\n            },\n            {\n              \"direction\": \"Egress\",\n              \"remoteGenerated\": \"KubeAPI\",\n              \"selector\": {\n                \"app.kubernetes.io/name\": \"metrics-server\"\n              }\n            },\n            {\n              \"direction\": \"Ingress\",\n              \"port\": 10250,\n              \"remoteGenerated\": \"Anywhere\",\n              \"selector\": {\n                \"app.kubernetes.io/name\": \"metrics-server\"\n              }\n            }\n          ]\n        }\n      }\n    }\n  ],\n  \"kind\": \"PackageList\",\n  \"metadata\": {\n    \"continue\": \"\",\n    \"resourceVersion\": \"1886\"\n  }\n}."}
watcher {"level":20,"time":1725043659063,"pid":17,"hostname":"pepr-uds-core-watcher-56b6d67564-45ch8","msg":"Watch event connect received. /apis/uds.dev/v1alpha1/packages."}
watcher {"level":20,"time":1725043660574,"pid":17,"hostname":"pepr-uds-core-watcher-56b6d67564-45ch8","msg":"Watch event reconnect received. Reconnecting after 1 attempt."}
watcher {"level":20,"time":1725043660582,"pid":17,"hostname":"pepr-uds-core-watcher-56b6d67564-45ch8","msg":"Watch event list received. {\n  \"apiVersion\": \"uds.dev/v1alpha1\",\n  \"items\": [\n    {\n      \"apiVersion\": \"uds.dev/v1alpha1\",\n      \"kind\": \"Package\",\n      \"metadata\": {\n        \"annotations\": {\n          \"meta.helm.sh/release-name\": \"uds-metrics-server-config\",\n          \"meta.helm.sh/release-namespace\": \"metrics-server\"\n        },\n        \"creationTimestamp\": \"2024-08-30T18:42:37Z\",\n        \"generation\": 1,\n        \"labels\": {\n          \"app.kubernetes.io/managed-by\": \"Helm\"\n        },\n        \"managedFields\": [\n          {\n            \"apiVersion\": \"uds.dev/v1alpha1\",\n            \"fieldsType\": \"FieldsV1\",\n            \"fieldsV1\": {\n              \"f:metadata\": {\n                \"f:annotations\": {\n                  \".\": {},\n                  \"f:meta.helm.sh/release-name\": {},\n                  \"f:meta.helm.sh/release-namespace\": {}\n                },\n                \"f:labels\": {\n                  \".\": {},\n                  \"f:app.kubernetes.io/managed-by\": {}\n                }\n              },\n              \"f:spec\": {\n                \".\": {},\n                \"f:network\": {\n                  \".\": {},\n                  \"f:allow\": {}\n                }\n              }\n            },\n            \"manager\": \"uds\",\n            \"operation\": \"Update\",\n            \"time\": \"2024-08-30T18:42:37Z\"\n          }\n        ],\n        \"name\": \"metrics-server\",\n        \"namespace\": \"metrics-server\",\n        \"resourceVersion\": \"1541\",\n        \"uid\": \"02935348-664a-40f6-a88a-e6cb997e2c52\"\n      },\n      \"spec\": {\n        \"network\": {\n          \"allow\": [\n            {\n              \"direction\": \"Egress\",\n              \"port\": 10250,\n              \"remoteGenerated\": \"Anywhere\",\n              \"selector\": {\n                \"app.kubernetes.io/name\": \"metrics-server\"\n              }\n            },\n            {\n              \"direction\": \"Egress\",\n              \"remoteGenerated\": \"KubeAPI\",\n              \"selector\": {\n                \"app.kubernetes.io/name\": \"metrics-server\"\n              }\n            },\n            {\n              \"direction\": \"Ingress\",\n              \"port\": 10250,\n              \"remoteGenerated\": \"Anywhere\",\n              \"selector\": {\n                \"app.kubernetes.io/name\": \"metrics-server\"\n              }\n            }\n          ]\n        }\n      }\n    }\n  ],\n  \"kind\": \"PackageList\",\n  \"metadata\": {\n    \"continue\": \"\",\n    \"resourceVersion\": \"1890\"\n  }\n}."}
watcher {"level":20,"time":1725043660584,"pid":17,"hostname":"pepr-uds-core-watcher-56b6d67564-45ch8","msg":"Watch event connect received. /apis/uds.dev/v1alpha1/packages."}
watcher {"level":30,"time":1725043663258,"pid":17,"hostname":"pepr-uds-core-watcher-56b6d67564-45ch8","method":"GET","url":"/healthz","status":200,"duration":"1 ms"}
watcher {"level":30,"time":1725043663259,"pid":17,"hostname":"pepr-uds-core-watcher-56b6d67564-45ch8","method":"GET","url":"/healthz","status":200,"duration":"0 ms"}
watcher {"level":30,"time":1725043673259,"pid":17,"hostname":"pepr-uds-core-watcher-56b6d67564-45ch8","method":"GET","url":"/healthz","status":200,"duration":"0 ms"}
watcher {"level":30,"time":1725043673259,"pid":17,"hostname":"pepr-uds-core-watcher-56b6d67564-45ch8","method":"GET","url":"/healthz","status":200,"duration":"0 ms"}
watcher {"level":30,"time":1725043683262,"pid":17,"hostname":"pepr-uds-core-watcher-56b6d67564-45ch8","method":"GET","url":"/healthz","status":200,"duration":"1 ms"}
watcher {"level":30,"time":1725043683265,"pid":17,"hostname":"pepr-uds-core-watcher-56b6d67564-45ch8","method":"GET","url":"/healthz","status":200,"duration":"1 ms"}
watcher {"level":30,"time":1725043693258,"pid":17,"hostname":"pepr-uds-core-watcher-56b6d67564-45ch8","method":"GET","url":"/healthz","status":200,"duration":"0 ms"}
watcher {"level":30,"time":1725043693258,"pid":17,"hostname":"pepr-uds-core-watcher-56b6d67564-45ch8","method":"GET","url":"/healthz","status":200,"duration":"0 ms"}
watcher {"level":30,"time":1725043703258,"pid":17,"hostname":"pepr-uds-core-watcher-56b6d67564-45ch8","method":"GET","url":"/healthz","status":200,"duration":"0 ms"}
watcher {"level":30,"time":1725043703258,"pid":17,"hostname":"pepr-uds-core-watcher-56b6d67564-45ch8","method":"GET","url":"/healthz","status":200,"duration":"0 ms"}
watcher {"level":30,"time":1725043713258,"pid":17,"hostname":"pepr-uds-core-watcher-56b6d67564-45ch8","method":"GET","url":"/healthz","status":200,"duration":"0 ms"}
watcher {"level":30,"time":1725043713259,"pid":17,"hostname":"pepr-uds-core-watcher-56b6d67564-45ch8","method":"GET","url":"/healthz","status":200,"duration":"0 ms"}
watcher {"level":30,"time":1725043723259,"pid":17,"hostname":"pepr-uds-core-watcher-56b6d67564-45ch8","method":"GET","url":"/healthz","status":200,"duration":"0 ms"}
watcher {"level":30,"time":1725043723260,"pid":17,"hostname":"pepr-uds-core-watcher-56b6d67564-45ch8","method":"GET","url":"/healthz","status":200,"duration":"0 ms"}
